
module.js:340
    throw err;
          ^
Error: Cannot find module 'node-cmd'
    at Function.Module._resolveFilename (module.js:338:15)
    at Function.Module._load (module.js:280:25)
    at Module.require (module.js:364:17)
    at require (module.js:380:17)
    at Object.<anonymous> (/home/ubuntu/DLMS/app.js:25:11)
    at Module._compile (module.js:456:26)
    at Object.Module._extensions..js (module.js:474:10)
    at Module.load (module.js:356:32)
    at Function.Module._load (module.js:312:12)
    at Function.Module.runMain (module.js:497:10)

events.js:72
        throw er; // Unhandled 'error' event
              ^
Error: listen EADDRINUSE
    at errnoException (net.js:901:11)
    at Server._listen2 (net.js:1039:14)
    at listen (net.js:1061:10)
    at Server.listen (net.js:1135:5)
    at EventEmitter.listen (/home/ubuntu/DLMS/node_modules/express/lib/application.js:617:24)
    at Object.<anonymous> (/home/ubuntu/DLMS/app.js:834:18)
    at Module._compile (module.js:456:26)
    at Object.Module._extensions..js (module.js:474:10)
    at Module.load (module.js:356:32)
    at Function.Module._load (module.js:312:12)

fs.js:432
  return binding.open(pathModule._makeLong(path), stringToFlags(flags), mode);
                 ^
Error: ENOENT, no such file or directory './jar/querry.json'
    at Object.fs.openSync (fs.js:432:18)
    at Object.fs.readFileSync (fs.js:286:15)
    at /home/ubuntu/DLMS/app.js:679:35
    at /home/ubuntu/DLMS/node_modules/node-cmd/cmd.js:23:21
    at ChildProcess.exithandler (child_process.js:641:7)
    at ChildProcess.EventEmitter.emit (events.js:98:17)
    at maybeClose (child_process.js:743:16)
    at Process.ChildProcess._handle.onexit (child_process.js:810:5)

events.js:72
        throw er; // Unhandled 'error' event
              ^
Error: listen EADDRINUSE
    at errnoException (net.js:901:11)
    at Server._listen2 (net.js:1039:14)
    at listen (net.js:1061:10)
    at Server.listen (net.js:1135:5)
    at EventEmitter.listen (/home/ubuntu/DLMS/node_modules/express/lib/application.js:617:24)
    at Object.<anonymous> (/home/ubuntu/DLMS/app.js:834:18)
    at Module._compile (module.js:456:26)
    at Object.Module._extensions..js (module.js:474:10)
    at Module.load (module.js:356:32)
    at Function.Module._load (module.js:312:12)

events.js:72
        throw er; // Unhandled 'error' event
              ^
Error: listen EADDRINUSE
    at errnoException (net.js:901:11)
    at Server._listen2 (net.js:1039:14)
    at listen (net.js:1061:10)
    at Server.listen (net.js:1135:5)
    at EventEmitter.listen (/home/ubuntu/DLMS/node_modules/express/lib/application.js:617:24)
    at Object.<anonymous> (/home/ubuntu/DLMS/app.js:834:18)
    at Module._compile (module.js:456:26)
    at Object.Module._extensions..js (module.js:474:10)
    at Module.load (module.js:356:32)
    at Function.Module._load (module.js:312:12)

events.js:72
        throw er; // Unhandled 'error' event
              ^
Error: listen EADDRINUSE
    at errnoException (net.js:901:11)
    at Server._listen2 (net.js:1039:14)
    at listen (net.js:1061:10)
    at Server.listen (net.js:1135:5)
    at EventEmitter.listen (/home/ubuntu/DLMS/node_modules/express/lib/application.js:617:24)
    at Object.<anonymous> (/home/ubuntu/DLMS/app.js:834:18)
    at Module._compile (module.js:456:26)
    at Object.Module._extensions..js (module.js:474:10)
    at Module.load (module.js:356:32)
    at Function.Module._load (module.js:312:12)

events.js:72
        throw er; // Unhandled 'error' event
              ^
Error: listen EADDRINUSE
    at errnoException (net.js:901:11)
    at Server._listen2 (net.js:1039:14)
    at listen (net.js:1061:10)
    at Server.listen (net.js:1135:5)
    at EventEmitter.listen (/home/ubuntu/DLMS/node_modules/express/lib/application.js:617:24)
    at Object.<anonymous> (/home/ubuntu/DLMS/app.js:834:18)
    at Module._compile (module.js:456:26)
    at Object.Module._extensions..js (module.js:474:10)
    at Module.load (module.js:356:32)
    at Function.Module._load (module.js:312:12)
